[    8470ms] [ERROR] Failed to load resource: the server responded with a status of 404 () @ https://api.netlify.com/favicon.ico:0
[    9433ms] [ERROR] Failed to load resource: the server responded with a status of 404 () @ https://github.com/jasskalkat:0
[   10721ms] [ERROR] Failed to load resource: the server responded with a status of 503 () @ https://collector.github.com/github/collect:0
[   17225ms] [ERROR] Failed to load resource: the server responded with a status of 503 () @ https://collector.github.com/github/collect:0
[   17426ms] [WARNING] A matching frame for #settings-frame was missing from the response, transforming into full-page Visit. @ https://github.githubassets.com/assets/26533-f22c29ae5e9b1ed2.js:15
[   17796ms] [ERROR] Failed to load resource: the server responded with a status of 503 () @ https://collector.github.com/github/collect:0
[   18999ms] [ERROR] Failed to load resource: the server responded with a status of 503 () @ https://collector.github.com/github/collect:0
[   19530ms] [ERROR] Failed to load resource: the server responded with a status of 503 () @ https://collector.github.com/github/collect:0
[   20024ms] [ERROR] Failed to load resource: the server responded with a status of 503 () @ https://collector.github.com/github/collect:0
[   21035ms] [ERROR] Failed to load resource: the server responded with a status of 503 () @ https://collector.github.com/github/collect:0
[   21142ms] [ERROR] Failed to load resource: the server responded with a status of 503 () @ https://collector.github.com/github/collect:0
[   21207ms] [ERROR] Failed to load resource: the server responded with a status of 503 () @ https://collector.github.com/github/collect:0
[   21808ms] [ERROR] Failed to load resource: the server responded with a status of 503 () @ https://collector.github.com/github/collect:0
[   22316ms] [ERROR] Failed to load resource: the server responded with a status of 503 () @ https://collector.github.com/github/collect:0
[   23687ms] [ERROR] Failed to load resource: the server responded with a status of 503 () @ https://collector.github.com/github/collect:0
[   23698ms] [ERROR] Failed to load resource: the server responded with a status of 503 () @ https://collector.github.com/github/collect:0
[   24235ms] [ERROR] Failed to load resource: the server responded with a status of 503 () @ https://collector.github.com/github/collect:0
[   24402ms] [ERROR] Failed to load resource: the server responded with a status of 503 () @ https://collector.github.com/github/collect:0
[   24416ms] [ERROR] Failed to load resource: the server responded with a status of 503 () @ https://collector.github.com/github/collect:0
[   24898ms] [INFO] Autofocus processing was blocked because a document already has a focused element. @ https://github.com/distillation-labs/website/settings:0
[   26503ms] [ERROR] Failed to load resource: the server responded with a status of 503 () @ https://collector.github.com/github/collect:0
[   29330ms] [ERROR] Failed to load resource: the server responded with a status of 503 () @ https://collector.github.com/github/collect:0
[   32579ms] [ERROR] Failed to load resource: the server responded with a status of 503 () @ https://collector.github.com/github/collect:0
[   36189ms] [ERROR] Failed to load resource: the server responded with a status of 503 () @ https://collector.github.com/github/collect:0
[   39298ms] [ERROR] Failed to load resource: the server responded with a status of 503 () @ https://collector.github.com/github/collect:0
[   39299ms] [ERROR] Failed to load resource: the server responded with a status of 503 () @ https://collector.github.com/github/collect:0
[   40269ms] [ERROR] Failed to load resource: the server responded with a status of 503 () @ https://collector.github.com/github/collect:0
[   45059ms] [ERROR] Failed to load resource: the server responded with a status of 503 () @ https://collector.github.com/github/collect:0
